2023-05-25 13:33:58.241 [main] TRACE com.tutorial.logging.LevelTest - [] - trace
2023-05-25 13:33:58.245 [main] WARN  com.tutorial.logging.LevelTest - [] - warning
2023-05-25 13:33:58.246 [main] INFO  com.tutorial.logging.LevelTest - [] - info
2023-05-25 13:33:58.247 [main] DEBUG com.tutorial.logging.LevelTest - [] - debuge
2023-05-25 13:33:58.247 [main] ERROR com.tutorial.logging.LevelTest - [] - Error
2023-05-25 13:36:15.618 [main] TRACE com.tutorial.logging.LevelTest - [] - trace
2023-05-25 13:36:15.623 [main] WARN  com.tutorial.logging.LevelTest - [] - warning
2023-05-25 13:36:15.624 [main] INFO  com.tutorial.logging.LevelTest - [] - info
2023-05-25 13:36:15.628 [main] DEBUG com.tutorial.logging.LevelTest - [] - debuge
2023-05-25 13:36:15.629 [main] ERROR com.tutorial.logging.LevelTest - [] - Error
2023-05-25 19:59:32.512 [main] INFO  com.tutorial.Application - [] - Starting Application using Java 17.0.5 with PID 14592 (C:\Dev\2023\Java\NewLearning\_24_Java_Persistence_Api_Ver_2\target\classes started by ACER in C:\Dev\2023\Java\NewLearning\_24_Java_Persistence_Api_Ver_2)
2023-05-25 19:59:32.514 [main] DEBUG com.tutorial.Application - [] - Running with Spring Boot v3.1.0, Spring v6.0.9
2023-05-25 19:59:32.515 [main] INFO  com.tutorial.Application - [] - No active profile set, falling back to 1 default profile: "default"
2023-05-25 19:59:35.366 [main] INFO  com.tutorial.Application - [] - Started Application in 3.298 seconds (process running for 4.216)
2023-05-25 20:10:11.647 [main] INFO  com.tutorial.Application - [] - Starting Application using Java 17.0.5 with PID 18356 (C:\Dev\2023\Java\NewLearning\_24_Java_Persistence_Api_Ver_2\target\classes started by ACER in C:\Dev\2023\Java\NewLearning\_24_Java_Persistence_Api_Ver_2)
2023-05-25 20:10:11.649 [main] DEBUG com.tutorial.Application - [] - Running with Spring Boot v3.1.0, Spring v6.0.9
2023-05-25 20:10:11.650 [main] INFO  com.tutorial.Application - [] - No active profile set, falling back to 1 default profile: "default"
2023-05-25 20:10:13.056 [main] WARN  org.hibernate.orm.deprecation - [] - HHH90000026: MySQL8Dialect has been deprecated; use org.hibernate.dialect.MySQLDialect instead
2023-05-25 20:10:14.107 [main] INFO  com.tutorial.Application - [] - Started Application in 2.852 seconds (process running for 3.66)
2023-05-25 20:13:08.012 [main] INFO  com.tutorial.Application - [] - Starting Application using Java 17.0.5 with PID 8916 (C:\Dev\2023\Java\NewLearning\_24_Java_Persistence_Api_Ver_2\target\classes started by ACER in C:\Dev\2023\Java\NewLearning\_24_Java_Persistence_Api_Ver_2)
2023-05-25 20:13:08.014 [main] DEBUG com.tutorial.Application - [] - Running with Spring Boot v3.1.0, Spring v6.0.9
2023-05-25 20:13:08.015 [main] INFO  com.tutorial.Application - [] - No active profile set, falling back to 1 default profile: "default"
2023-05-25 20:13:10.440 [main] INFO  com.tutorial.Application - [] - Started Application in 2.81 seconds (process running for 3.613)
2023-05-25 20:13:58.132 [main] INFO  com.tutorial.Application - [] - Starting Application using Java 17.0.5 with PID 13692 (C:\Dev\2023\Java\NewLearning\_24_Java_Persistence_Api_Ver_2\target\classes started by ACER in C:\Dev\2023\Java\NewLearning\_24_Java_Persistence_Api_Ver_2)
2023-05-25 20:13:58.134 [main] DEBUG com.tutorial.Application - [] - Running with Spring Boot v3.1.0, Spring v6.0.9
2023-05-25 20:13:58.135 [main] INFO  com.tutorial.Application - [] - No active profile set, falling back to 1 default profile: "default"
2023-05-25 20:14:00.569 [main] INFO  com.tutorial.Application - [] - Started Application in 2.83 seconds (process running for 3.648)
2023-05-25 20:14:38.288 [main] INFO  com.tutorial.Application - [] - Starting Application using Java 17.0.5 with PID 3000 (C:\Dev\2023\Java\NewLearning\_24_Java_Persistence_Api_Ver_2\target\classes started by ACER in C:\Dev\2023\Java\NewLearning\_24_Java_Persistence_Api_Ver_2)
2023-05-25 20:14:38.290 [main] DEBUG com.tutorial.Application - [] - Running with Spring Boot v3.1.0, Spring v6.0.9
2023-05-25 20:14:38.291 [main] INFO  com.tutorial.Application - [] - No active profile set, falling back to 1 default profile: "default"
2023-05-25 20:14:40.701 [main] INFO  com.tutorial.Application - [] - Started Application in 2.808 seconds (process running for 3.598)
2023-05-25 20:15:20.209 [main] INFO  com.tutorial.Application - [] - Starting Application using Java 17.0.5 with PID 5800 (C:\Dev\2023\Java\NewLearning\_24_Java_Persistence_Api_Ver_2\target\classes started by ACER in C:\Dev\2023\Java\NewLearning\_24_Java_Persistence_Api_Ver_2)
2023-05-25 20:15:20.212 [main] DEBUG com.tutorial.Application - [] - Running with Spring Boot v3.1.0, Spring v6.0.9
2023-05-25 20:15:20.213 [main] INFO  com.tutorial.Application - [] - No active profile set, falling back to 1 default profile: "default"
2023-05-25 20:15:22.559 [main] INFO  com.tutorial.Application - [] - Started Application in 2.744 seconds (process running for 3.547)
2023-05-25 20:17:48.363 [main] INFO  com.tutorial.Application - [] - Starting Application using Java 17.0.5 with PID 15148 (C:\Dev\2023\Java\NewLearning\_24_Java_Persistence_Api_Ver_2\target\classes started by ACER in C:\Dev\2023\Java\NewLearning\_24_Java_Persistence_Api_Ver_2)
2023-05-25 20:17:48.365 [main] DEBUG com.tutorial.Application - [] - Running with Spring Boot v3.1.0, Spring v6.0.9
2023-05-25 20:17:48.366 [main] INFO  com.tutorial.Application - [] - No active profile set, falling back to 1 default profile: "default"
2023-05-25 20:17:50.798 [main] INFO  com.tutorial.Application - [] - Started Application in 2.825 seconds (process running for 3.631)
2023-05-25 20:19:37.465 [main] INFO  com.tutorial.Application - [] - Starting Application using Java 17.0.5 with PID 5044 (C:\Dev\2023\Java\NewLearning\_24_Java_Persistence_Api_Ver_2\target\classes started by ACER in C:\Dev\2023\Java\NewLearning\_24_Java_Persistence_Api_Ver_2)
2023-05-25 20:19:37.468 [main] DEBUG com.tutorial.Application - [] - Running with Spring Boot v3.1.0, Spring v6.0.9
2023-05-25 20:19:37.469 [main] INFO  com.tutorial.Application - [] - No active profile set, falling back to 1 default profile: "default"
2023-05-25 20:19:40.020 [main] INFO  com.tutorial.Application - [] - Started Application in 2.982 seconds (process running for 3.753)
2023-05-25 20:21:55.378 [main] INFO  com.tutorial.Application - [] - Starting Application using Java 17.0.5 with PID 7444 (C:\Dev\2023\Java\NewLearning\_24_Java_Persistence_Api_Ver_2\target\classes started by ACER in C:\Dev\2023\Java\NewLearning\_24_Java_Persistence_Api_Ver_2)
2023-05-25 20:21:55.381 [main] DEBUG com.tutorial.Application - [] - Running with Spring Boot v3.1.0, Spring v6.0.9
2023-05-25 20:21:55.381 [main] INFO  com.tutorial.Application - [] - No active profile set, falling back to 1 default profile: "default"
2023-05-25 20:21:57.840 [main] INFO  com.tutorial.Application - [] - Started Application in 2.859 seconds (process running for 3.651)
2023-05-25 20:47:39.139 [main] INFO  com.tutorial.Application - [] - Starting Application using Java 17.0.5 with PID 10144 (C:\Dev\2023\Java\NewLearning\_24_Java_Persistence_Api_Ver_2\target\classes started by ACER in C:\Dev\2023\Java\NewLearning\_24_Java_Persistence_Api_Ver_2)
2023-05-25 20:47:39.142 [main] DEBUG com.tutorial.Application - [] - Running with Spring Boot v3.1.0, Spring v6.0.9
2023-05-25 20:47:39.142 [main] INFO  com.tutorial.Application - [] - No active profile set, falling back to 1 default profile: "default"
2023-05-25 20:47:41.611 [main] INFO  com.tutorial.Application - [] - Started Application in 2.887 seconds (process running for 3.731)
2023-05-25 21:08:36.394 [main] WARN  o.h.e.j.c.i.ConnectionProviderInitiator - [] - HHH000022: c3p0 properties were encountered, but the c3p0 provider class was not found on the classpath; these properties are going to be ignored.
2023-05-25 21:08:36.403 [main] WARN  o.hibernate.orm.connections.pooling - [] - HHH10001002: Using built-in connection pool (not intended for production use)
2023-05-25 21:09:40.125 [main] WARN  o.h.e.j.c.i.ConnectionProviderInitiator - [] - HHH000022: c3p0 properties were encountered, but the c3p0 provider class was not found on the classpath; these properties are going to be ignored.
2023-05-25 21:09:40.135 [main] WARN  o.hibernate.orm.connections.pooling - [] - HHH10001002: Using built-in connection pool (not intended for production use)
2023-05-25 21:10:45.977 [main] WARN  o.h.e.j.c.i.ConnectionProviderInitiator - [] - HHH000022: c3p0 properties were encountered, but the c3p0 provider class was not found on the classpath; these properties are going to be ignored.
2023-05-25 21:10:45.986 [main] WARN  o.hibernate.orm.connections.pooling - [] - HHH10001002: Using built-in connection pool (not intended for production use)
2023-05-25 21:27:44.453 [main] WARN  o.h.e.j.c.i.ConnectionProviderInitiator - [] - HHH000022: c3p0 properties were encountered, but the c3p0 provider class was not found on the classpath; these properties are going to be ignored.
2023-05-25 21:27:44.462 [main] WARN  o.hibernate.orm.connections.pooling - [] - HHH10001002: Using built-in connection pool (not intended for production use)
